STAR version=STAR_2.6.1d
STAR compilation time,server,dir=Fri Nov 16 17:02:31 EST 2018 florence.cshl.edu:/sonas-hs/gingeras/nlsas_norepl/user/dobin/STAR/STAR.master/source
##### DEFAULT parameters:
versionSTAR                       20201
versionGenome                     20101   20200   
parametersFiles                   -   
sysShell                          -
runMode                           alignReads
runThreadN                        1
runDirPerm                        User_RWX
runRNGseed                        777
genomeDir                         ./GenomeDir/
genomeLoad                        NoSharedMemory
genomeFastaFiles                  -   
genomeChainFiles                  -   
genomeSAindexNbases               14
genomeChrBinNbits                 18
genomeSAsparseD                   1
genomeSuffixLengthMax             18446744073709551615
genomeFileSizes                   0   
genomeConsensusFile               -
readFilesType                     Fastx   
readFilesIn                       Read1   Read2   
readFilesPrefix                   -
readFilesCommand                  -   
readMatesLengthsIn                NotEqual
readMapNumber                     18446744073709551615
readNameSeparator                 /   
inputBAMfile                      -
bamRemoveDuplicatesType           -
bamRemoveDuplicatesMate2basesN    0
limitGenomeGenerateRAM            31000000000
limitIObufferSize                 150000000
limitOutSAMoneReadBytes           100000
limitOutSJcollapsed               1000000
limitOutSJoneRead                 1000
limitBAMsortRAM                   0
limitSjdbInsertNsj                1000000
outTmpDir                         -
outTmpKeep                        None
outStd                            Log
outReadsUnmapped                  None
outQSconversionAdd                0
outMultimapperOrder               Old_2.4
outSAMtype                        SAM   
outSAMmode                        Full
outSAMstrandField                 None
outSAMattributes                  Standard   
outSAMunmapped                    None   
outSAMorder                       Paired
outSAMprimaryFlag                 OneBestScore
outSAMreadID                      Standard
outSAMmapqUnique                  255
outSAMflagOR                      0
outSAMflagAND                     65535
outSAMattrRGline                  -   
outSAMheaderHD                    -   
outSAMheaderPG                    -   
outSAMheaderCommentFile           -
outBAMcompression                 1
outBAMsortingThreadN              0
outBAMsortingBinsN                50
outSAMfilter                      None   
outSAMmultNmax                    18446744073709551615
outSAMattrIHstart                 1
outSAMtlen                        1
outSJfilterReads                  All
outSJfilterCountUniqueMin         3   1   1   1   
outSJfilterCountTotalMin          3   1   1   1   
outSJfilterOverhangMin            30   12   12   12   
outSJfilterDistToOtherSJmin       10   0   5   10   
outSJfilterIntronMaxVsReadN       50000   100000   200000   
outWigType                        None   
outWigStrand                      Stranded   
outWigReferencesPrefix            -
outWigNorm                        RPM   
outFilterType                     Normal
outFilterMultimapNmax             10
outFilterMultimapScoreRange       1
outFilterScoreMin                 0
outFilterScoreMinOverLread        0.66
outFilterMatchNmin                0
outFilterMatchNminOverLread       0.66
outFilterMismatchNmax             10
outFilterMismatchNoverLmax        0.3
outFilterMismatchNoverReadLmax    1
outFilterIntronMotifs             None
outFilterIntronStrands            RemoveInconsistentStrands
clip5pNbases                      0   
clip3pNbases                      0   
clip3pAfterAdapterNbases          0   
clip3pAdapterSeq                  -   
clip3pAdapterMMp                  0.1   
winBinNbits                       16
winAnchorDistNbins                9
winFlankNbins                     4
winAnchorMultimapNmax             50
winReadCoverageRelativeMin        0.5
winReadCoverageBasesMin           0
scoreGap                          0
scoreGapNoncan                    -8
scoreGapGCAG                      -4
scoreGapATAC                      -8
scoreStitchSJshift                1
scoreGenomicLengthLog2scale       -0.25
scoreDelBase                      -2
scoreDelOpen                      -2
scoreInsOpen                      -2
scoreInsBase                      -2
seedSearchLmax                    0
seedSearchStartLmax               50
seedSearchStartLmaxOverLread      1
seedPerReadNmax                   1000
seedPerWindowNmax                 50
seedNoneLociPerWindow             10
seedMultimapNmax                  10000
seedSplitMin                      12
alignIntronMin                    21
alignIntronMax                    0
alignMatesGapMax                  0
alignTranscriptsPerReadNmax       10000
alignSJoverhangMin                5
alignSJDBoverhangMin              3
alignSJstitchMismatchNmax         0   -1   0   0   
alignSplicedMateMapLmin           0
alignSplicedMateMapLminOverLmate    0.66
alignWindowsPerReadNmax           10000
alignTranscriptsPerWindowNmax     100
alignEndsType                     Local
alignSoftClipAtReferenceEnds      Yes
alignEndsProtrude                 0   ConcordantPair   
alignInsertionFlush               None
peOverlapNbasesMin                0
peOverlapMMp                      0.01
chimSegmentMin                    0
chimScoreMin                      0
chimScoreDropMax                  20
chimScoreSeparation               10
chimScoreJunctionNonGTAG          -1
chimMainSegmentMultNmax           10
chimJunctionOverhangMin           20
chimOutType                       Junctions   
chimFilter                        banGenomicN   
chimSegmentReadGapMax             0
chimMultimapNmax                  0
chimMultimapScoreRange            1
chimNonchimScoreDropMin           20
chimOutJunctionFormat             0   
sjdbFileChrStartEnd               -   
sjdbGTFfile                       -
sjdbGTFchrPrefix                  -
sjdbGTFfeatureExon                exon
sjdbGTFtagExonParentTranscript    transcript_id
sjdbGTFtagExonParentGene          gene_id
sjdbOverhang                      100
sjdbScore                         2
sjdbInsertSave                    Basic
varVCFfile                        -
waspOutputMode                    None
quantMode                         -   
quantTranscriptomeBAMcompression    1
quantTranscriptomeBan             IndelSoftclipSingleend
twopass1readsN                    18446744073709551615
twopassMode                       None
##### Command Line:
/usr/local/pkg/star/2.6.1d/bin/STAR --runThreadN 20 --runMode genomeGenerate --genomeDir rsem/vM20 --genomeFastaFiles ../mm10_no_alt_analysis_set_ENCODE.fasta --sjdbGTFfile ../gencode.vM20.basic.annotation.gtf --sjdbOverhang 100 --outFileNamePrefix rsem/vM20/mm10_vM20
##### Initial USER parameters from Command Line:
outFileNamePrefix                 rsem/vM20/mm10_vM20
###### All USER parameters from Command Line:
runThreadN                    20     ~RE-DEFINED
runMode                       genomeGenerate     ~RE-DEFINED
genomeDir                     rsem/vM20     ~RE-DEFINED
genomeFastaFiles              ../mm10_no_alt_analysis_set_ENCODE.fasta        ~RE-DEFINED
sjdbGTFfile                   ../gencode.vM20.basic.annotation.gtf     ~RE-DEFINED
sjdbOverhang                  100     ~RE-DEFINED
outFileNamePrefix             rsem/vM20/mm10_vM20     ~RE-DEFINED
##### Finished reading parameters from all sources

##### Final user re-defined parameters-----------------:
runMode                           genomeGenerate
runThreadN                        20
genomeDir                         rsem/vM20
genomeFastaFiles                  ../mm10_no_alt_analysis_set_ENCODE.fasta   
outFileNamePrefix                 rsem/vM20/mm10_vM20
sjdbGTFfile                       ../gencode.vM20.basic.annotation.gtf
sjdbOverhang                      100

-------------------------------
##### Final effective command line:
/usr/local/pkg/star/2.6.1d/bin/STAR   --runMode genomeGenerate   --runThreadN 20   --genomeDir rsem/vM20   --genomeFastaFiles ../mm10_no_alt_analysis_set_ENCODE.fasta      --outFileNamePrefix rsem/vM20/mm10_vM20   --sjdbGTFfile ../gencode.vM20.basic.annotation.gtf   --sjdbOverhang 100

##### Final parameters after user input--------------------------------:
versionSTAR                       20201
versionGenome                     20101   20200   
parametersFiles                   -   
sysShell                          -
runMode                           genomeGenerate
runThreadN                        20
runDirPerm                        User_RWX
runRNGseed                        777
genomeDir                         rsem/vM20
genomeLoad                        NoSharedMemory
genomeFastaFiles                  ../mm10_no_alt_analysis_set_ENCODE.fasta   
genomeChainFiles                  -   
genomeSAindexNbases               14
genomeChrBinNbits                 18
genomeSAsparseD                   1
genomeSuffixLengthMax             18446744073709551615
genomeFileSizes                   0   
genomeConsensusFile               -
readFilesType                     Fastx   
readFilesIn                       Read1   Read2   
readFilesPrefix                   -
readFilesCommand                  -   
readMatesLengthsIn                NotEqual
readMapNumber                     18446744073709551615
readNameSeparator                 /   
inputBAMfile                      -
bamRemoveDuplicatesType           -
bamRemoveDuplicatesMate2basesN    0
limitGenomeGenerateRAM            31000000000
limitIObufferSize                 150000000
limitOutSAMoneReadBytes           100000
limitOutSJcollapsed               1000000
limitOutSJoneRead                 1000
limitBAMsortRAM                   0
limitSjdbInsertNsj                1000000
outFileNamePrefix                 rsem/vM20/mm10_vM20
outTmpDir                         -
outTmpKeep                        None
outStd                            Log
outReadsUnmapped                  None
outQSconversionAdd                0
outMultimapperOrder               Old_2.4
outSAMtype                        SAM   
outSAMmode                        Full
outSAMstrandField                 None
outSAMattributes                  Standard   
outSAMunmapped                    None   
outSAMorder                       Paired
outSAMprimaryFlag                 OneBestScore
outSAMreadID                      Standard
outSAMmapqUnique                  255
outSAMflagOR                      0
outSAMflagAND                     65535
outSAMattrRGline                  -   
outSAMheaderHD                    -   
outSAMheaderPG                    -   
outSAMheaderCommentFile           -
outBAMcompression                 1
outBAMsortingThreadN              0
outBAMsortingBinsN                50
outSAMfilter                      None   
outSAMmultNmax                    18446744073709551615
outSAMattrIHstart                 1
outSAMtlen                        1
outSJfilterReads                  All
outSJfilterCountUniqueMin         3   1   1   1   
outSJfilterCountTotalMin          3   1   1   1   
outSJfilterOverhangMin            30   12   12   12   
outSJfilterDistToOtherSJmin       10   0   5   10   
outSJfilterIntronMaxVsReadN       50000   100000   200000   
outWigType                        None   
outWigStrand                      Stranded   
outWigReferencesPrefix            -
outWigNorm                        RPM   
outFilterType                     Normal
outFilterMultimapNmax             10
outFilterMultimapScoreRange       1
outFilterScoreMin                 0
outFilterScoreMinOverLread        0.66
outFilterMatchNmin                0
outFilterMatchNminOverLread       0.66
outFilterMismatchNmax             10
outFilterMismatchNoverLmax        0.3
outFilterMismatchNoverReadLmax    1
outFilterIntronMotifs             None
outFilterIntronStrands            RemoveInconsistentStrands
clip5pNbases                      0   
clip3pNbases                      0   
clip3pAfterAdapterNbases          0   
clip3pAdapterSeq                  -   
clip3pAdapterMMp                  0.1   
winBinNbits                       16
winAnchorDistNbins                9
winFlankNbins                     4
winAnchorMultimapNmax             50
winReadCoverageRelativeMin        0.5
winReadCoverageBasesMin           0
scoreGap                          0
scoreGapNoncan                    -8
scoreGapGCAG                      -4
scoreGapATAC                      -8
scoreStitchSJshift                1
scoreGenomicLengthLog2scale       -0.25
scoreDelBase                      -2
scoreDelOpen                      -2
scoreInsOpen                      -2
scoreInsBase                      -2
seedSearchLmax                    0
seedSearchStartLmax               50
seedSearchStartLmaxOverLread      1
seedPerReadNmax                   1000
seedPerWindowNmax                 50
seedNoneLociPerWindow             10
seedMultimapNmax                  10000
seedSplitMin                      12
alignIntronMin                    21
alignIntronMax                    0
alignMatesGapMax                  0
alignTranscriptsPerReadNmax       10000
alignSJoverhangMin                5
alignSJDBoverhangMin              3
alignSJstitchMismatchNmax         0   -1   0   0   
alignSplicedMateMapLmin           0
alignSplicedMateMapLminOverLmate    0.66
alignWindowsPerReadNmax           10000
alignTranscriptsPerWindowNmax     100
alignEndsType                     Local
alignSoftClipAtReferenceEnds      Yes
alignEndsProtrude                 0   ConcordantPair   
alignInsertionFlush               None
peOverlapNbasesMin                0
peOverlapMMp                      0.01
chimSegmentMin                    0
chimScoreMin                      0
chimScoreDropMax                  20
chimScoreSeparation               10
chimScoreJunctionNonGTAG          -1
chimMainSegmentMultNmax           10
chimJunctionOverhangMin           20
chimOutType                       Junctions   
chimFilter                        banGenomicN   
chimSegmentReadGapMax             0
chimMultimapNmax                  0
chimMultimapScoreRange            1
chimNonchimScoreDropMin           20
chimOutJunctionFormat             0   
sjdbFileChrStartEnd               -   
sjdbGTFfile                       ../gencode.vM20.basic.annotation.gtf
sjdbGTFchrPrefix                  -
sjdbGTFfeatureExon                exon
sjdbGTFtagExonParentTranscript    transcript_id
sjdbGTFtagExonParentGene          gene_id
sjdbOverhang                      100
sjdbScore                         2
sjdbInsertSave                    Basic
varVCFfile                        -
waspOutputMode                    None
quantMode                         -   
quantTranscriptomeBAMcompression    1
quantTranscriptomeBan             IndelSoftclipSingleend
twopass1readsN                    18446744073709551615
twopassMode                       None
----------------------------------------

Finished loading and checking parameters
Feb 06 21:34:38 ... starting to generate Genome files
../mm10_no_alt_analysis_set_ENCODE.fasta : chr # 0  "chr1" chrStart: 0
../mm10_no_alt_analysis_set_ENCODE.fasta : chr # 1  "chr10" chrStart: 195559424
../mm10_no_alt_analysis_set_ENCODE.fasta : chr # 2  "chr11" chrStart: 326369280
../mm10_no_alt_analysis_set_ENCODE.fasta : chr # 3  "chr12" chrStart: 448528384
../mm10_no_alt_analysis_set_ENCODE.fasta : chr # 4  "chr13" chrStart: 568852480
../mm10_no_alt_analysis_set_ENCODE.fasta : chr # 5  "chr14" chrStart: 689438720
../mm10_no_alt_analysis_set_ENCODE.fasta : chr # 6  "chr15" chrStart: 814481408
../mm10_no_alt_analysis_set_ENCODE.fasta : chr # 7  "chr16" chrStart: 918552576
../mm10_no_alt_analysis_set_ENCODE.fasta : chr # 8  "chr17" chrStart: 1016856576
../mm10_no_alt_analysis_set_ENCODE.fasta : chr # 9  "chr18" chrStart: 1112014848
../mm10_no_alt_analysis_set_ENCODE.fasta : chr # 10  "chr19" chrStart: 1202978816
../mm10_no_alt_analysis_set_ENCODE.fasta : chr # 11  "chr1_GL456210_random" chrStart: 1264582656
../mm10_no_alt_analysis_set_ENCODE.fasta : chr # 12  "chr1_GL456211_random" chrStart: 1264844800
../mm10_no_alt_analysis_set_ENCODE.fasta : chr # 13  "chr1_GL456212_random" chrStart: 1265106944
../mm10_no_alt_analysis_set_ENCODE.fasta : chr # 14  "chr1_GL456213_random" chrStart: 1265369088
../mm10_no_alt_analysis_set_ENCODE.fasta : chr # 15  "chr1_GL456221_random" chrStart: 1265631232
../mm10_no_alt_analysis_set_ENCODE.fasta : chr # 16  "chr2" chrStart: 1265893376
../mm10_no_alt_analysis_set_ENCODE.fasta : chr # 17  "chr3" chrStart: 1448083456
../mm10_no_alt_analysis_set_ENCODE.fasta : chr # 18  "chr4" chrStart: 1608253440
../mm10_no_alt_analysis_set_ENCODE.fasta : chr # 19  "chr4_GL456216_random" chrStart: 1765015552
../mm10_no_alt_analysis_set_ENCODE.fasta : chr # 20  "chr4_GL456350_random" chrStart: 1765277696
../mm10_no_alt_analysis_set_ENCODE.fasta : chr # 21  "chr4_JH584292_random" chrStart: 1765539840
../mm10_no_alt_analysis_set_ENCODE.fasta : chr # 22  "chr4_JH584293_random" chrStart: 1765801984
../mm10_no_alt_analysis_set_ENCODE.fasta : chr # 23  "chr4_JH584294_random" chrStart: 1766064128
../mm10_no_alt_analysis_set_ENCODE.fasta : chr # 24  "chr4_JH584295_random" chrStart: 1766326272
../mm10_no_alt_analysis_set_ENCODE.fasta : chr # 25  "chr5" chrStart: 1766588416
../mm10_no_alt_analysis_set_ENCODE.fasta : chr # 26  "chr5_GL456354_random" chrStart: 1918631936
../mm10_no_alt_analysis_set_ENCODE.fasta : chr # 27  "chr5_JH584296_random" chrStart: 1918894080
../mm10_no_alt_analysis_set_ENCODE.fasta : chr # 28  "chr5_JH584297_random" chrStart: 1919156224
../mm10_no_alt_analysis_set_ENCODE.fasta : chr # 29  "chr5_JH584298_random" chrStart: 1919418368
../mm10_no_alt_analysis_set_ENCODE.fasta : chr # 30  "chr5_JH584299_random" chrStart: 1919680512
../mm10_no_alt_analysis_set_ENCODE.fasta : chr # 31  "chr6" chrStart: 1920729088
../mm10_no_alt_analysis_set_ENCODE.fasta : chr # 32  "chr7" chrStart: 2070675456
../mm10_no_alt_analysis_set_ENCODE.fasta : chr # 33  "chr7_GL456219_random" chrStart: 2216165376
../mm10_no_alt_analysis_set_ENCODE.fasta : chr # 34  "chr8" chrStart: 2216427520
../mm10_no_alt_analysis_set_ENCODE.fasta : chr # 35  "chr9" chrStart: 2345926656
../mm10_no_alt_analysis_set_ENCODE.fasta : chr # 36  "chrM" chrStart: 2470707200
../mm10_no_alt_analysis_set_ENCODE.fasta : chr # 37  "chrUn_GL456239" chrStart: 2470969344
../mm10_no_alt_analysis_set_ENCODE.fasta : chr # 38  "chrUn_GL456359" chrStart: 2471231488
../mm10_no_alt_analysis_set_ENCODE.fasta : chr # 39  "chrUn_GL456360" chrStart: 2471493632
../mm10_no_alt_analysis_set_ENCODE.fasta : chr # 40  "chrUn_GL456366" chrStart: 2471755776
../mm10_no_alt_analysis_set_ENCODE.fasta : chr # 41  "chrUn_GL456367" chrStart: 2472017920
../mm10_no_alt_analysis_set_ENCODE.fasta : chr # 42  "chrUn_GL456368" chrStart: 2472280064
../mm10_no_alt_analysis_set_ENCODE.fasta : chr # 43  "chrUn_GL456370" chrStart: 2472542208
../mm10_no_alt_analysis_set_ENCODE.fasta : chr # 44  "chrUn_GL456372" chrStart: 2472804352
../mm10_no_alt_analysis_set_ENCODE.fasta : chr # 45  "chrUn_GL456378" chrStart: 2473066496
../mm10_no_alt_analysis_set_ENCODE.fasta : chr # 46  "chrUn_GL456379" chrStart: 2473328640
../mm10_no_alt_analysis_set_ENCODE.fasta : chr # 47  "chrUn_GL456381" chrStart: 2473590784
../mm10_no_alt_analysis_set_ENCODE.fasta : chr # 48  "chrUn_GL456382" chrStart: 2473852928
../mm10_no_alt_analysis_set_ENCODE.fasta : chr # 49  "chrUn_GL456383" chrStart: 2474115072
../mm10_no_alt_analysis_set_ENCODE.fasta : chr # 50  "chrUn_GL456385" chrStart: 2474377216
../mm10_no_alt_analysis_set_ENCODE.fasta : chr # 51  "chrUn_GL456387" chrStart: 2474639360
../mm10_no_alt_analysis_set_ENCODE.fasta : chr # 52  "chrUn_GL456389" chrStart: 2474901504
../mm10_no_alt_analysis_set_ENCODE.fasta : chr # 53  "chrUn_GL456390" chrStart: 2475163648
../mm10_no_alt_analysis_set_ENCODE.fasta : chr # 54  "chrUn_GL456392" chrStart: 2475425792
../mm10_no_alt_analysis_set_ENCODE.fasta : chr # 55  "chrUn_GL456393" chrStart: 2475687936
../mm10_no_alt_analysis_set_ENCODE.fasta : chr # 56  "chrUn_GL456394" chrStart: 2475950080
../mm10_no_alt_analysis_set_ENCODE.fasta : chr # 57  "chrUn_GL456396" chrStart: 2476212224
../mm10_no_alt_analysis_set_ENCODE.fasta : chr # 58  "chrUn_JH584304" chrStart: 2476474368
../mm10_no_alt_analysis_set_ENCODE.fasta : chr # 59  "chrX" chrStart: 2476736512
../mm10_no_alt_analysis_set_ENCODE.fasta : chr # 60  "chrX_GL456233_random" chrStart: 2647916544
../mm10_no_alt_analysis_set_ENCODE.fasta : chr # 61  "chrY" chrStart: 2648440832
../mm10_no_alt_analysis_set_ENCODE.fasta : chr # 62  "chrY_JH584300_random" chrStart: 2740191232
../mm10_no_alt_analysis_set_ENCODE.fasta : chr # 63  "chrY_JH584301_random" chrStart: 2740453376
../mm10_no_alt_analysis_set_ENCODE.fasta : chr # 64  "chrY_JH584302_random" chrStart: 2740715520
../mm10_no_alt_analysis_set_ENCODE.fasta : chr # 65  "chrY_JH584303_random" chrStart: 2740977664
Estimated genome size=2942239808   2741239808   201000000
GstrandBit=32
Number of SA indices: 5305369292
Feb 06 21:35:48 ... starting to sort Suffix Array. This may take a long time...
Number of chunks: 66;   chunks size limit: 765525008 bytes
Feb 06 21:36:02 ... sorting Suffix Array chunks and saving them to disk...
Writing 551413272 bytes into rsem/vM20/SA_8 ; empty space on disk = 2009566926655488 bytes ... done
Writing 528964480 bytes into rsem/vM20/SA_9 ; empty space on disk = 2009566179868672 bytes ... done
Writing 663499144 bytes into rsem/vM20/SA_1 ; empty space on disk = 2009566179868672 bytes ... done
Writing 583849984 bytes into rsem/vM20/SA_16 ; empty space on disk = 2009563675156480 bytes ... done
Writing 534280568 bytes into rsem/vM20/SA_13 ; empty space on disk = 2009563655380992 bytes ... done
Writing 641650104 bytes into rsem/vM20/SA_2 ; empty space on disk = 2009562496901120 bytes ... done
Writing 624208936 bytes into rsem/vM20/SA_4 ; empty space on disk = 2009562311843840 bytes ... done
Writing 561722304 bytes into rsem/vM20/SA_14 ; empty space on disk = 2009561322917888 bytes ...Writing 749703216 bytes into rsem/vM20/SA_0 ; empty space on disk = 2009561322917888 bytes ... done
 done
Writing 637059416 bytes into rsem/vM20/SA_17 ; empty space on disk = 2009558779740160 bytes ... done
Writing 623147688 bytes into rsem/vM20/SA_19 ; empty space on disk = 2009558256312320 bytes ...Writing 743938040 bytes into rsem/vM20/SA_5 ; empty space on disk = 2009558256312320 bytes ... done
 done
Writing 736834448 bytes into rsem/vM20/SA_7 ; empty space on disk = 2009557118754816 bytes ... done
Writing 739257056 bytes into rsem/vM20/SA_10 ; empty space on disk = 2009556630376448 bytes ...Writing 644918256 bytes into rsem/vM20/SA_11 ; empty space on disk = 2009556630376448 bytes ... done
 done
Writing 699451080 bytes into rsem/vM20/SA_3 ; empty space on disk = 2009555807985664 bytes ... done
Writing 722876800 bytes into rsem/vM20/SA_6 ; empty space on disk = 2009555044110336 bytes ...Writing 638015280 bytes into rsem/vM20/SA_15 ; empty space on disk = 2009555044110336 bytes ... done
 done
Writing 667213928 bytes into rsem/vM20/SA_12 ; empty space on disk = 2009552951472128 bytes ... done
Writing 710299688 bytes into rsem/vM20/SA_18 ; empty space on disk = 2009552206012416 bytes ... done
Writing 604882320 bytes into rsem/vM20/SA_22 ; empty space on disk = 2009550604406784 bytes ... done
Writing 667167640 bytes into rsem/vM20/SA_20 ; empty space on disk = 2009549361057792 bytes ... done
Writing 656281000 bytes into rsem/vM20/SA_21 ; empty space on disk = 2009548589432832 bytes ... done
Writing 580224560 bytes into rsem/vM20/SA_25 ; empty space on disk = 2009547188494336 bytes ... done
Writing 504621816 bytes into rsem/vM20/SA_32 ; empty space on disk = 2009547855708160 bytes ... done
Writing 584346224 bytes into rsem/vM20/SA_24 ; empty space on disk = 2009546747256832 bytes ... done
Writing 608830496 bytes into rsem/vM20/SA_23 ; empty space on disk = 2009545941209088 bytes ... done
Writing 608922552 bytes into rsem/vM20/SA_26 ; empty space on disk = 2009545207607296 bytes ... done
Writing 634821744 bytes into rsem/vM20/SA_30 ; empty space on disk = 2009544515887104 bytes ... done
Writing 638208928 bytes into rsem/vM20/SA_28 ; empty space on disk = 2009543529398272 bytes ... done
Writing 645411976 bytes into rsem/vM20/SA_31 ; empty space on disk = 2009543716724736 bytes ... done
Writing 630476888 bytes into rsem/vM20/SA_34 ; empty space on disk = 2009542362869760 bytes ... done
Writing 677651352 bytes into rsem/vM20/SA_38 ; empty space on disk = 2009541048016896 bytes ... done
Writing 733322960 bytes into rsem/vM20/SA_27 ; empty space on disk = 2009540863787008 bytes ... done
Writing 713763984 bytes into rsem/vM20/SA_39 ; empty space on disk = 2009540038733824 bytes ... done
Writing 730248576 bytes into rsem/vM20/SA_37 ; empty space on disk = 2009538554806272 bytes ...Writing 681548488 bytes into rsem/vM20/SA_33 ; empty space on disk = 2009538554806272 bytes ... done
 done
Writing 752131264 bytes into rsem/vM20/SA_29 ; empty space on disk = 2009538435362816 bytes ... done
Writing 726086472 bytes into rsem/vM20/SA_36 ; empty space on disk = 2009538435362816 bytes ... done
Writing 752131264 bytes into rsem/vM20/SA_35 ; empty space on disk = 2009536758022144 bytes ... done
Writing 518305904 bytes into rsem/vM20/SA_45 ; empty space on disk = 2009533569335296 bytes ... done
Writing 597498344 bytes into rsem/vM20/SA_40 ; empty space on disk = 2009532441956352 bytes ... done
Writing 495319344 bytes into rsem/vM20/SA_58 ; empty space on disk = 2009532108926976 bytes ... done
Writing 680410528 bytes into rsem/vM20/SA_41 ; empty space on disk = 2009531568259072 bytes ... done
Writing 591936808 bytes into rsem/vM20/SA_46 ; empty space on disk = 2009530085142528 bytes ... done
Writing 644167608 bytes into rsem/vM20/SA_44 ; empty space on disk = 2009530023096320 bytes ... done
Writing 577651272 bytes into rsem/vM20/SA_48 ; empty space on disk = 2009528615473152 bytes ...Writing 543828568 bytes into rsem/vM20/SA_53 ; empty space on disk = 2009528615473152 bytes ... done
 done
Writing 735369320 bytes into rsem/vM20/SA_42 ; empty space on disk = 2009527584129024 bytes ... done
Writing 601594432 bytes into rsem/vM20/SA_57 ; empty space on disk = 2009526643773440 bytes ... done
Writing 574982536 bytes into rsem/vM20/SA_49 ; empty space on disk = 2009526790623232 bytes ... done
Writing 656092848 bytes into rsem/vM20/SA_59 ; empty space on disk = 2009526212087808 bytes ... done
Writing 631365800 bytes into rsem/vM20/SA_56 ; empty space on disk = 2009524874604544 bytes ... done
Writing 636903088 bytes into rsem/vM20/SA_50 ; empty space on disk = 2009523729428480 bytes ... done
Writing 694546072 bytes into rsem/vM20/SA_47 ; empty space on disk = 2009522978209792 bytes ... done
Writing 754662440 bytes into rsem/vM20/SA_43 ; empty space on disk = 2009522860945408 bytes ... done
Writing 670856504 bytes into rsem/vM20/SA_51 ; empty space on disk = 2009522817101824 bytes ... done
Writing 710941168 bytes into rsem/vM20/SA_54 ; empty space on disk = 2009521453219840 bytes ... done
Writing 742497336 bytes into rsem/vM20/SA_52 ; empty space on disk = 2009521447460864 bytes ... done
Writing 762819640 bytes into rsem/vM20/SA_55 ; empty space on disk = 2009520727330816 bytes ... done
Writing 611826288 bytes into rsem/vM20/SA_61 ; empty space on disk = 2009519973257216 bytes ... done
Writing 666955168 bytes into rsem/vM20/SA_60 ; empty space on disk = 2009518723522560 bytes ... done
Writing 510980368 bytes into rsem/vM20/SA_65 ; empty space on disk = 2009517990072320 bytes ... done
Writing 546313496 bytes into rsem/vM20/SA_62 ; empty space on disk = 2009517629325312 bytes ... done
Writing 554140888 bytes into rsem/vM20/SA_63 ; empty space on disk = 2009517599842304 bytes ... done
Writing 597604376 bytes into rsem/vM20/SA_64 ; empty space on disk = 2009517036916736 bytes ... done
Feb 06 21:46:36 ... loading chunks from disk, packing SA...
Feb 06 21:47:50 ... finished generating suffix array
Feb 06 21:47:50 ... generating Suffix Array index
Feb 06 21:52:28 ... completed Suffix Array index
Feb 06 21:52:28 ..... processing annotations GTF
Processing pGe.sjdbGTFfile=../gencode.vM20.basic.annotation.gtf, found:
		79701 transcripts
		512738 exons (non-collapsed)
		239336 collapsed junctions
Feb 06 21:52:35 ..... finished GTF processing
Feb 06 21:52:35   Loaded database junctions from the GTF file: ../gencode.vM20.basic.annotation.gtf: 239336 total junctions

WARNING: long repeat for junction # 55084 : chr13 36008518 36189203; left shift = 255; right shift = 29
WARNING: long repeat for junction # 167274 : chr5 123190235 123190960; left shift = 255; right shift = 19
WARNING: long repeat for junction # 174857 : chr6 48754635 48755196; left shift = 81; right shift = 255
WARNING: long repeat for junction # 201439 : chr7 141808196 141810304; left shift = 255; right shift = 255
Feb 06 21:52:36   Finished preparing junctions
Feb 06 21:52:36 ..... inserting junctions into the genome indices
Feb 06 21:53:05   Finished SA search: number of new junctions=239278, old junctions=0
Feb 06 21:53:41   Finished sorting SA indicesL nInd=95703544
Genome size with junctions=2789334686  2741239808   48094878
GstrandBit1=32   GstrandBit=32
Feb 06 21:55:07   Finished inserting junction indices
Feb 06 21:55:27   Finished SAi
Feb 06 21:55:27 ..... finished inserting junctions into genome
Feb 06 21:55:27 ... writing Genome to disk ...
Writing 2789334686 bytes into rsem/vM20/Genome ; empty space on disk = 2009558417154048 bytes ... done
SA size in bytes: 22279425452
Feb 06 21:55:31 ... writing Suffix Array to disk ...
Writing 22279425452 bytes into rsem/vM20/SA ; empty space on disk = 2009552796958720 bytes ... done
Feb 06 21:56:16 ... writing SAindex to disk
Writing 8 bytes into rsem/vM20/SAindex ; empty space on disk = 2009530284822528 bytes ... done
Writing 120 bytes into rsem/vM20/SAindex ; empty space on disk = 2009530284822528 bytes ... done
Writing 1565873491 bytes into rsem/vM20/SAindex ; empty space on disk = 2009530284822528 bytes ... done
Feb 06 21:56:20 ..... finished successfully
DONE: Genome generation, EXITING

